assoc_range	32
obj_get	30
assoc_range	24
assoc_range	32
assoc_range	26
assoc_range	32
assoc_range	31
assoc_range	32
assoc_insert	13
assoc_range	26
assoc_range	24
assoc_range	26
obj_get	18
assoc_count	30
assoc_insert	18
assoc_range	32
assoc_range	20
obj_get	17
obj_get	21
obj_get	25
assoc_range	26
assoc_range	26
obj_update	22
assoc_range	28
assoc_count	25
assoc_range	24
assoc_range	23
assoc_range	24
assoc_range	24
assoc_count	23
assoc_range	14
assoc_insert	9
obj_get	9
assoc_range	25
assoc_range	24
obj_get	20
assoc_range	15
assoc_insert	10
assoc_range	19
assoc_range	21
assoc_range	18
obj_update	14
obj_update	20
obj_update	16
assoc_range	16
assoc_range	13
assoc_range	12
assoc_insert	12
assoc_range	11
obj_get	14
assoc_insert	10
assoc_insert	9
assoc_range	13
assoc_range	12
assoc_range	11
assoc_insert	9
obj_get	10
assoc_range	12
assoc_count	13
obj_update	13
assoc_range	13
assoc_range	13
assoc_range	13
assoc_range	13
assoc_range	12
assoc_count	14
assoc_insert	9
obj_get	10
obj_insert	11
assoc_range	12
assoc_range	12
assoc_insert	9
assoc_range	12
assoc_range	12
assoc_range	12
assoc_range	12
assoc_range	12
assoc_range	11
assoc_range	13
obj_get	10
assoc_range	44
assoc_range	49
assoc_insert	41
assoc_insert	41
assoc_range	12
assoc_range	16
assoc_range	18
assoc_range	18
assoc_range	18
assoc_range	20
obj_insert	19
assoc_range	18
assoc_insert	9
assoc_range	17
assoc_insert	9
obj_insert	10
assoc_range	14
assoc_range	18
assoc_insert	8
assoc_range	15
assoc_range	15
assoc_range	15
obj_get	16
obj_get	11
assoc_insert	8
obj_insert	8
assoc_range	11
assoc_range	17
assoc_range	12
obj_insert	13
obj_update	10
assoc_range	12
assoc_range	12
assoc_range	10
assoc_range	10
assoc_range	14
assoc_range	12
assoc_range	12
assoc_range	10
obj_insert	11
assoc_count	14
assoc_range	12
assoc_range	12
assoc_range	11
assoc_range	12
assoc_range	12
assoc_insert	10
assoc_insert	7
assoc_count	13
obj_get	10
assoc_insert	7
assoc_range	11
assoc_count	12
assoc_insert	7
obj_update	11
assoc_range	10
assoc_range	10
assoc_range	11
assoc_range	11
obj_get	8
assoc_range	10
obj_insert	9
assoc_insert	8
assoc_range	13
assoc_insert	8
obj_get	8
assoc_range	12
obj_get	8
obj_get	9
assoc_range	11
assoc_count	12
assoc_range	11
assoc_range	11
assoc_range	11
assoc_insert	7
obj_get	9
assoc_range	12
assoc_range	11
assoc_insert	8
assoc_range	12
obj_insert	9
assoc_range	19
assoc_range	19
obj_get	15
obj_update	17
obj_get	12
assoc_range	16
assoc_range	16
assoc_range	14
assoc_range	17
assoc_range	14
assoc_range	14
assoc_range	13
obj_insert	11
assoc_range	12
obj_get	9
assoc_range	11
assoc_insert	8
assoc_insert	7
assoc_range	22
assoc_range	23
assoc_range	19
assoc_range	22
assoc_range	23
assoc_count	23
assoc_range	19
assoc_insert	8
assoc_insert	10
assoc_insert	10
obj_get	12
obj_insert	12
assoc_range	13
obj_insert	11
assoc_range	12
obj_get	9
obj_update	10
assoc_range	11
assoc_range	11
assoc_range	10
assoc_range	14
assoc_range	11
assoc_range	10
assoc_range	11
assoc_range	11
obj_update	12
assoc_insert	12
assoc_range	13
assoc_insert	12
assoc_range	25
assoc_range	17
assoc_insert	17
assoc_range	25
assoc_range	23
assoc_range	13
assoc_range	11
assoc_range	11
assoc_range	15
obj_update	17
assoc_range	19
assoc_count	17
assoc_insert	8
obj_get	11
obj_get	10
assoc_insert	8
assoc_range	12
assoc_range	11
assoc_insert	8
assoc_insert	7
assoc_range	10
assoc_range	11
obj_insert	9
assoc_range	56
assoc_range	56
assoc_range	56
obj_get	55
obj_get	54
obj_update	55
assoc_range	56
assoc_range	14
assoc_insert	8
assoc_range	14
assoc_insert	11
obj_update	13
obj_get	12
obj_insert	11
assoc_insert	9
obj_update	11
obj_get	10
assoc_range	11
assoc_range	25
assoc_insert	7
assoc_range	18
assoc_range	11
assoc_range	13
assoc_range	12
obj_get	9
assoc_range	11
assoc_range	14
assoc_count	14
assoc_range	11
assoc_insert	8
assoc_range	10
obj_insert	9
assoc_count	14
assoc_range	12
obj_get	13
assoc_range	15
assoc_range	12
assoc_range	11
assoc_count	12
obj_update	14
assoc_range	14
assoc_count	13
assoc_insert	8
assoc_range	10
assoc_insert	8
assoc_count	12
assoc_range	11
assoc_range	11
obj_get	8
assoc_count	12
obj_get	8
assoc_range	11
assoc_range	12
assoc_count	13
assoc_range	11
obj_get	9
assoc_range	13
assoc_range	23
obj_get	9
obj_get	21
assoc_range	20
assoc_range	20
assoc_range	19
assoc_insert	12
assoc_insert	12
assoc_range	20
obj_get	21
obj_update	11
assoc_range	20
obj_get	16
assoc_range	19
assoc_range	18
assoc_insert	9
assoc_range	13
obj_update	10
obj_get	10
assoc_insert	10
assoc_range	14
assoc_range	14
assoc_range	13
obj_insert	10
obj_update	12
assoc_range	13
assoc_insert	8
assoc_range	13
assoc_insert	7
assoc_range	11
obj_update	9
obj_get	9
assoc_insert	7
assoc_insert	8
assoc_range	10
obj_get	9
assoc_range	10
assoc_range	10
assoc_range	11
assoc_range	10
assoc_range	11
assoc_insert	8
assoc_range	10
assoc_range	11
assoc_range	11
assoc_insert	7
assoc_range	12
assoc_range	10
assoc_insert	7
obj_get	8
assoc_insert	7
assoc_range	17
assoc_range	17
assoc_range	12
assoc_insert	8
assoc_range	12
obj_update	10
assoc_insert	8
assoc_count	16
assoc_count	15
obj_update	11
assoc_range	11
assoc_range	11
assoc_range	15
obj_get	12
assoc_insert	8
assoc_range	10
assoc_range	11
assoc_range	15
assoc_range	15
obj_insert	9
assoc_insert	7
assoc_range	14
assoc_insert	11
assoc_insert	7
assoc_range	12
obj_get	11
obj_get	11
obj_get	10
assoc_range	16
assoc_range	16
assoc_range	16
obj_insert	14
assoc_range	12
assoc_range	12
obj_get	9
assoc_range	11
obj_update	10
assoc_insert	8
assoc_insert	39
assoc_range	46
assoc_insert	39
assoc_range	46
assoc_range	46
obj_get	41
assoc_insert	40
obj_insert	42
assoc_range	46
obj_insert	9
assoc_range	12
assoc_insert	8
assoc_insert	8
obj_update	9
assoc_range	11
assoc_range	11
assoc_range	10
assoc_range	10
assoc_range	11
assoc_range	11
obj_insert	8
assoc_range	18
assoc_range	19
obj_get	15
assoc_insert	10
assoc_range	15
obj_update	12
assoc_range	13
obj_get	9
assoc_range	11
assoc_insert	8
assoc_range	27
assoc_range	27
assoc_range	24
assoc_insert	12
assoc_insert	18
assoc_count	15
assoc_range	20
assoc_range	20
assoc_insert	8
assoc_range	20
assoc_range	14
assoc_count	15
assoc_range	15
obj_get	11
assoc_range	12
assoc_range	13
assoc_range	13
assoc_range	16
assoc_range	17
obj_update	13
assoc_range	15
assoc_range	21
assoc_range	22
assoc_range	12
assoc_range	13
assoc_range	14
assoc_range	13
assoc_range	13
assoc_count	16
obj_update	15
assoc_range	15
obj_insert	10
assoc_insert	8
assoc_range	11
assoc_insert	11
assoc_range	14
assoc_range	12
assoc_range	11
assoc_range	13
assoc_insert	7
obj_get	34
obj_get	34
obj_update	30
assoc_range	36
assoc_range	11
obj_update	10
assoc_count	17
obj_insert	8
assoc_range	11
assoc_range	10
assoc_count	12
obj_get	9
obj_update	9
obj_update	11
assoc_range	11
obj_insert	9
assoc_range	11
assoc_range	11
obj_update	9
assoc_range	25
assoc_range	17
assoc_range	25
assoc_range	24
assoc_count	25
assoc_range	24
assoc_insert	9
assoc_range	23
assoc_range	25
obj_update	20
assoc_insert	9
assoc_range	18
assoc_count	15
assoc_range	13
assoc_insert	11
assoc_insert	14
obj_get	18
assoc_range	18
assoc_range	16
obj_insert	13
assoc_range	16
assoc_range	13
assoc_range	14
obj_get	10
assoc_range	14
obj_insert	11
assoc_range	13
assoc_range	14
assoc_range	14
assoc_insert	9
assoc_range	12
obj_get	10
assoc_range	12
assoc_count	14
assoc_range	13
assoc_range	12
assoc_count	14
obj_get	9
obj_update	10
assoc_range	11
assoc_insert	8
assoc_range	12
assoc_insert	8
assoc_insert	8
obj_get	11
assoc_range	13
obj_get	9
obj_update	12
assoc_insert	8
assoc_range	13
assoc_range	12
obj_get	10
obj_get	10
obj_insert	9
obj_get	9
assoc_range	11
assoc_range	11
obj_get	9
assoc_range	12
assoc_range	12
obj_get	9
assoc_range	11
obj_get	47
assoc_insert	39
assoc_insert	43
assoc_range	46
assoc_insert	39
assoc_range	47
obj_get	41
assoc_range	47
assoc_range	47
assoc_count	45
assoc_range	12
assoc_range	16
assoc_range	16
assoc_range	16
assoc_range	15
assoc_range	16
assoc_insert	8
obj_get	10
assoc_range	12
assoc_count	15
assoc_insert	8
assoc_insert	8
obj_insert	9
assoc_range	13
assoc_range	13
assoc_insert	8
obj_get	10
assoc_range	16
assoc_range	14
assoc_range	12
assoc_range	12
assoc_range	13
assoc_range	16
assoc_insert	9
assoc_insert	9
assoc_range	17
assoc_range	15
assoc_range	16
assoc_range	16
assoc_range	12
assoc_range	14
assoc_count	16
assoc_range	14
assoc_range	13
obj_get	10
assoc_range	12
assoc_count	14
assoc_insert	9
assoc_insert	9
obj_get	9
assoc_count	14
obj_get	10
assoc_insert	8
assoc_range	17
assoc_range	16
assoc_insert	12
assoc_insert	9
assoc_insert	8
obj_update	12
assoc_range	15
assoc_range	18
assoc_range	15
assoc_range	16
assoc_range	19
assoc_insert	9
obj_get	9
assoc_range	13
assoc_insert	9
assoc_insert	12
assoc_count	14
obj_update	11
assoc_insert	8
obj_get	9
obj_get	9
assoc_range	13
assoc_range	12
assoc_range	11
obj_update	10
obj_update	10
obj_get	10
obj_get	10
assoc_range	12
obj_update	10
assoc_insert	8
assoc_range	19
assoc_insert	8
obj_insert	10
assoc_insert	8
assoc_range	13
assoc_range	19
assoc_count	22
assoc_count	15
assoc_insert	9
obj_update	10
assoc_range	21
assoc_range	14
assoc_range	13
assoc_range	13
assoc_range	13
assoc_range	12
assoc_range	17
assoc_range	18
obj_get	14
assoc_range	16
assoc_range	12
assoc_range	12
assoc_count	13
assoc_range	12
assoc_insert	11
obj_update	15
assoc_range	12
assoc_range	12
assoc_insert	7
assoc_insert	7
obj_update	10
obj_update	10
assoc_range	11
obj_update	10
assoc_count	12
obj_get	9
assoc_range	13
assoc_range	13
assoc_range	12
assoc_range	12
obj_get	9
obj_update	10
obj_get	10
assoc_range	12
assoc_range	11
obj_get	9
obj_get	9
obj_update	10
assoc_insert	8
obj_update	10
obj_update	10
assoc_insert	8
obj_get	9
assoc_range	12
assoc_range	13
assoc_range	11
assoc_range	12
assoc_range	11
obj_update	9
assoc_range	11
obj_get	9
assoc_range	16
assoc_insert	7
assoc_insert	7
assoc_range	12
assoc_range	13
obj_get	13
assoc_insert	7
assoc_range	12
assoc_range	38
assoc_insert	36
obj_get	36
assoc_range	14
assoc_range	12
assoc_range	11
assoc_range	11
assoc_insert	7
assoc_insert	7
assoc_insert	8
assoc_insert	7
obj_update	10
obj_update	10
assoc_insert	7
assoc_insert	7
assoc_insert	7
obj_get	8
assoc_insert	7
assoc_range	11
assoc_range	10
assoc_insert	7
assoc_range	11
assoc_count	13
obj_update	9
assoc_insert	7
assoc_range	10
assoc_range	10
obj_update	9
assoc_range	11
assoc_range	11
obj_get	8
assoc_insert	7
assoc_insert	8
assoc_insert	7
assoc_range	25
obj_update	25
assoc_range	24
obj_insert	24
assoc_range	24
assoc_range	25
assoc_range	24
assoc_insert	7
assoc_range	14
assoc_range	13
assoc_range	13
assoc_insert	7
obj_update	11
assoc_range	11
obj_get	8
assoc_range	12
assoc_range	12
assoc_range	11
assoc_range	10
assoc_range	10
assoc_insert	7
assoc_insert	7
assoc_range	11
assoc_insert	7
assoc_range	11
assoc_range	11
assoc_range	12
assoc_insert	8
assoc_insert	7
assoc_insert	7
assoc_range	11
assoc_range	13
assoc_range	11
assoc_range	11
obj_get	18
assoc_range	19
obj_insert	18
assoc_range	12
assoc_insert	8
assoc_range	12
obj_update	10
assoc_range	11
obj_get	8
assoc_range	11
assoc_range	10
assoc_insert	7
assoc_count	14
assoc_count	14
assoc_insert	8
assoc_range	13
assoc_range	13
assoc_range	10
assoc_range	16
assoc_range	12
assoc_range	12
assoc_range	15
assoc_insert	8
assoc_range	11
obj_update	10
obj_update	13
assoc_insert	11
assoc_range	14
assoc_range	14
assoc_range	24
assoc_insert	8
assoc_range	14
assoc_count	12
assoc_range	11
assoc_range	11
obj_update	9
assoc_range	11
assoc_range	13
assoc_range	11
assoc_range	11
assoc_range	11
assoc_range	10
assoc_insert	8
assoc_insert	7
obj_update	9
assoc_range	19
assoc_insert	7
assoc_range	15
assoc_range	13
assoc_count	14
obj_get	10
assoc_range	13
obj_get	10
assoc_range	11
assoc_insert	8
assoc_range	13
assoc_range	12
obj_insert	9
assoc_range	12
assoc_range	11
assoc_insert	8
assoc_range	10
assoc_insert	8
assoc_insert	8
assoc_range	12
obj_update	13
assoc_range	15
assoc_range	12
assoc_insert	7
assoc_range	11
assoc_range	11
assoc_range	11
assoc_range	11
obj_get	9
assoc_insert	8
assoc_insert	8
assoc_insert	7
assoc_range	11
assoc_insert	8
obj_get	9
obj_get	8
obj_insert	8
obj_get	8
obj_update	39
assoc_range	13
assoc_range	13
assoc_insert	8
obj_get	10
obj_insert	9
assoc_range	14
assoc_range	12
assoc_range	14
obj_insert	9
assoc_range	16
assoc_range	13
assoc_insert	11
assoc_insert	7
assoc_insert	8
assoc_range	10
assoc_insert	7
assoc_range	11
assoc_range	10
assoc_range	11
obj_update	9
assoc_range	11
assoc_insert	8
obj_get	31
assoc_insert	13
obj_update	21
assoc_count	33
assoc_range	30
assoc_range	32
assoc_range	31
assoc_insert	13
assoc_range	32
assoc_range	33
assoc_insert	13
obj_update	33
assoc_range	31
assoc_range	33
obj_get	31
obj_update	18
assoc_insert	13
assoc_insert	10
assoc_range	15
assoc_range	16
obj_get	11
assoc_range	16
assoc_count	19
assoc_range	16
assoc_insert	9
assoc_insert	9
assoc_insert	8
assoc_range	11
assoc_range	13
assoc_range	13
assoc_range	13
obj_get	10
assoc_insert	8
assoc_range	12
assoc_range	12
assoc_insert	8
assoc_range	12
assoc_range	11
assoc_range	11
obj_get	9
assoc_range	12
obj_update	9
assoc_range	10
assoc_range	11
assoc_range	10
assoc_range	11
assoc_range	10
obj_get	8
assoc_range	11
assoc_range	10
obj_get	9
obj_get	8
obj_insert	8
assoc_range	10
assoc_range	11
assoc_range	12
assoc_range	12
assoc_range	11
assoc_range	10
obj_get	9
assoc_range	10
assoc_range	11
assoc_count	13
obj_get	9
obj_get	8
assoc_count	12
assoc_insert	8
obj_get	12
assoc_range	17
assoc_range	12
assoc_range	15
assoc_count	14
obj_insert	11
obj_get	8
obj_get	8
assoc_range	11
assoc_range	11
obj_update	10
assoc_insert	13
obj_get	24
assoc_range	27
assoc_range	23
assoc_insert	13
obj_update	17
obj_update	11
assoc_range	13
obj_update	14
assoc_range	23
assoc_range	23
assoc_insert	8
assoc_range	12
obj_get	13
assoc_insert	11
assoc_insert	15
obj_get	12
assoc_range	18
assoc_range	11
assoc_range	14
assoc_insert	10
assoc_range	12
assoc_insert	9
assoc_range	11
obj_get	10
obj_update	9
assoc_range	12
assoc_range	11
obj_get	8
assoc_range	10
obj_get	8
assoc_range	10
assoc_insert	8
obj_update	15
assoc_range	18
assoc_insert	8
assoc_insert	12
assoc_range	15
assoc_insert	10
assoc_insert	17
assoc_insert	12
assoc_insert	12
obj_get	20
assoc_insert	12
obj_update	17
obj_get	19
assoc_insert	12
assoc_insert	12
obj_get	15
obj_get	20
assoc_insert	17
assoc_insert	11
assoc_insert	10
assoc_insert	10
obj_get	11
assoc_insert	9
assoc_insert	12
obj_get	17
assoc_insert	13
assoc_insert	13
obj_get	12
assoc_insert	10
assoc_insert	11
assoc_insert	11
obj_get	13
obj_get	16
summary_queries	1000
summary_queries_time	14030
total_time	9254
