obj_insert	18
assoc_range	42
assoc_range	40
obj_get	31
assoc_range	40
assoc_range	40
obj_update	33
assoc_range	39
assoc_insert	10
assoc_range	42
assoc_range	33
assoc_range	45
obj_update	33
assoc_range	42
assoc_range	42
assoc_insert	10
obj_insert	21
assoc_insert	10
assoc_range	37
assoc_range	38
assoc_insert	13
assoc_insert	13
assoc_range	40
assoc_insert	13
assoc_range	40
assoc_range	42
assoc_range	36
assoc_range	42
assoc_range	40
assoc_range	30
assoc_range	42
assoc_insert	13
obj_get	13
assoc_range	27
assoc_range	29
assoc_range	38
obj_get	20
obj_update	24
assoc_range	24
assoc_count	32
obj_update	14
assoc_insert	10
assoc_insert	10
assoc_range	28
obj_get	24
obj_get	21
obj_get	22
assoc_insert	8
assoc_range	29
assoc_range	26
assoc_count	31
assoc_range	26
assoc_range	26
assoc_insert	7
assoc_range	12
assoc_range	14
assoc_range	15
assoc_range	20
obj_get	12
assoc_range	19
assoc_insert	11
assoc_range	15
obj_update	13
assoc_insert	8
obj_get	14
assoc_range	16
obj_get	13
obj_update	13
assoc_range	13
assoc_range	12
assoc_range	12
obj_get	10
assoc_insert	7
assoc_range	12
assoc_range	12
assoc_insert	8
assoc_range	12
assoc_insert	8
obj_update	15
obj_get	13
obj_get	10
assoc_range	18
assoc_range	18
assoc_insert	8
assoc_range	13
obj_update	12
assoc_insert	8
obj_get	8
assoc_insert	7
obj_get	10
assoc_range	13
assoc_insert	7
assoc_range	12
assoc_range	11
assoc_range	10
obj_get	9
assoc_range	22
assoc_range	18
assoc_range	20
assoc_insert	8
assoc_range	20
obj_insert	9
assoc_range	22
assoc_range	17
assoc_range	20
assoc_range	21
assoc_range	20
obj_update	19
obj_get	17
assoc_range	11
assoc_insert	8
assoc_range	13
obj_insert	9
assoc_insert	7
assoc_insert	8
obj_get	10
assoc_range	12
assoc_insert	7
assoc_insert	8
assoc_range	13
obj_update	15
assoc_range	13
assoc_range	18
obj_update	11
assoc_count	16
assoc_range	14
assoc_range	14
obj_update	45
assoc_range	47
assoc_range	48
obj_get	46
assoc_insert	44
assoc_range	51
assoc_range	12
assoc_range	16
assoc_range	13
obj_get	10
obj_get	10
assoc_insert	7
assoc_range	13
obj_get	10
assoc_range	11
assoc_range	11
assoc_insert	10
assoc_range	11
assoc_count	13
assoc_range	11
assoc_range	12
assoc_insert	8
assoc_insert	9
assoc_insert	8
assoc_count	22
obj_update	18
assoc_insert	8
assoc_range	18
obj_get	19
assoc_range	18
assoc_range	18
assoc_range	18
obj_insert	16
obj_update	13
obj_update	14
assoc_range	15
assoc_insert	8
obj_get	8
assoc_range	11
obj_update	10
assoc_insert	12
assoc_range	10
obj_get	8
assoc_range	11
obj_insert	9
assoc_insert	8
obj_update	10
assoc_count	14
assoc_range	12
assoc_range	11
assoc_range	11
assoc_insert	8
assoc_range	11
assoc_range	10
assoc_insert	8
obj_insert	12
assoc_count	16
assoc_range	16
assoc_range	16
assoc_insert	8
assoc_range	16
obj_insert	12
obj_get	13
assoc_range	15
assoc_insert	7
assoc_range	11
obj_get	9
assoc_range	12
assoc_range	12
assoc_count	13
assoc_insert	10
obj_update	9
assoc_insert	8
assoc_insert	8
assoc_range	11
obj_get	8
assoc_insert	7
assoc_insert	8
assoc_insert	14
assoc_range	19
assoc_range	12
assoc_range	15
assoc_insert	10
assoc_range	16
assoc_range	12
assoc_range	18
assoc_range	16
assoc_insert	11
assoc_range	12
assoc_range	12
obj_get	9
obj_get	9
assoc_range	12
assoc_insert	8
assoc_range	12
obj_get	9
assoc_range	10
assoc_range	12
obj_update	12
obj_update	11
assoc_range	11
assoc_range	11
obj_insert	9
assoc_range	10
assoc_range	11
assoc_range	14
obj_get	13
assoc_range	24
obj_update	15
assoc_range	18
assoc_range	20
assoc_insert	11
assoc_range	24
assoc_insert	14
obj_get	13
assoc_count	21
obj_update	19
assoc_range	23
assoc_range	23
assoc_count	17
assoc_insert	7
assoc_range	11
assoc_range	10
assoc_count	15
assoc_range	12
assoc_insert	10
assoc_insert	8
assoc_range	12
assoc_range	15
obj_get	9
assoc_range	12
obj_insert	10
obj_get	9
assoc_range	12
assoc_range	12
obj_update	11
assoc_range	10
assoc_insert	8
assoc_insert	7
obj_insert	8
obj_update	9
obj_update	9
assoc_insert	7
assoc_insert	7
obj_get	9
assoc_range	49
assoc_range	50
assoc_range	49
obj_update	48
assoc_range	49
assoc_insert	11
assoc_range	50
obj_update	47
obj_get	42
assoc_range	15
assoc_range	14
obj_update	14
assoc_insert	8
assoc_range	14
obj_insert	12
obj_get	16
assoc_range	15
obj_get	17
assoc_range	17
assoc_insert	11
assoc_range	17
assoc_range	17
assoc_range	17
assoc_insert	8
obj_get	11
assoc_range	11
assoc_range	15
assoc_range	11
assoc_insert	8
assoc_insert	8
assoc_range	12
assoc_range	17
obj_update	10
obj_get	9
assoc_insert	7
assoc_range	11
assoc_insert	10
assoc_range	11
assoc_count	14
obj_update	9
assoc_range	11
obj_get	8
obj_get	8
assoc_range	10
obj_get	8
assoc_range	10
assoc_range	11
assoc_range	10
obj_get	8
assoc_insert	7
obj_insert	8
obj_get	15
obj_update	12
assoc_insert	9
assoc_insert	9
assoc_range	15
obj_get	12
assoc_range	15
assoc_range	11
obj_update	11
obj_update	11
assoc_range	11
assoc_insert	8
assoc_range	10
assoc_insert	8
assoc_count	26
assoc_range	30
assoc_range	26
obj_get	15
assoc_insert	12
assoc_range	32
obj_update	23
assoc_range	29
obj_update	31
obj_get	20
assoc_insert	11
assoc_range	32
obj_update	15
obj_insert	21
assoc_insert	9
assoc_insert	8
obj_get	24
assoc_range	25
assoc_range	25
obj_get	19
obj_update	20
assoc_range	15
assoc_range	11
assoc_range	13
assoc_range	13
assoc_range	13
assoc_range	12
assoc_insert	8
assoc_insert	11
assoc_range	13
assoc_range	16
assoc_range	15
assoc_range	15
assoc_range	15
assoc_range	15
assoc_range	12
assoc_range	12
assoc_insert	7
assoc_count	13
assoc_range	16
assoc_range	15
assoc_insert	7
obj_get	9
assoc_range	11
assoc_range	11
assoc_insert	7
assoc_insert	8
assoc_range	12
assoc_insert	7
obj_get	9
assoc_range	11
assoc_range	11
assoc_range	12
assoc_range	13
obj_update	10
assoc_range	17
assoc_range	12
assoc_range	16
obj_get	9
obj_insert	9
obj_get	9
assoc_insert	7
assoc_range	10
obj_get	9
assoc_insert	8
obj_insert	8
assoc_range	16
assoc_insert	11
assoc_range	12
assoc_range	11
assoc_range	11
assoc_insert	7
assoc_insert	7
assoc_range	11
assoc_range	11
assoc_range	11
assoc_count	20
assoc_range	20
obj_get	18
assoc_range	21
assoc_range	20
obj_get	18
obj_get	18
assoc_insert	8
assoc_range	20
assoc_insert	7
assoc_range	44
obj_get	45
obj_update	10
assoc_range	46
assoc_range	44
assoc_range	43
assoc_range	43
obj_get	41
obj_get	15
obj_update	13
assoc_range	14
assoc_range	15
assoc_range	14
obj_insert	11
assoc_range	14
assoc_range	31
assoc_range	31
assoc_range	31
assoc_range	31
assoc_range	28
obj_get	30
assoc_insert	10
obj_insert	27
assoc_range	31
assoc_range	31
assoc_range	30
obj_get	26
assoc_range	29
assoc_range	30
assoc_count	31
obj_insert	29
assoc_insert	10
assoc_range	30
obj_update	23
assoc_range	18
assoc_range	26
assoc_insert	8
assoc_range	17
assoc_insert	11
obj_insert	10
assoc_range	18
assoc_insert	12
assoc_insert	9
assoc_range	19
assoc_range	22
obj_get	11
assoc_range	19
assoc_range	22
assoc_count	21
assoc_insert	11
assoc_range	20
assoc_range	18
assoc_insert	8
assoc_range	22
assoc_count	21
obj_get	16
obj_get	12
assoc_range	14
obj_get	13
assoc_range	12
assoc_insert	7
assoc_range	11
assoc_range	19
assoc_range	12
obj_get	9
assoc_range	16
obj_update	12
assoc_range	17
obj_get	9
assoc_range	17
assoc_range	18
assoc_count	18
assoc_insert	8
obj_update	19
assoc_range	16
assoc_insert	8
assoc_range	15
assoc_count	13
assoc_range	12
assoc_insert	8
assoc_insert	8
assoc_insert	9
assoc_range	14
assoc_range	13
assoc_count	16
assoc_range	13
obj_get	11
assoc_range	13
assoc_insert	8
assoc_range	11
assoc_range	15
assoc_range	16
assoc_range	14
obj_get	11
assoc_range	13
assoc_insert	7
obj_get	12
assoc_range	17
assoc_insert	8
assoc_range	14
assoc_count	16
assoc_range	14
assoc_range	15
assoc_range	18
assoc_insert	11
assoc_range	18
assoc_range	19
assoc_insert	8
assoc_range	18
obj_get	17
assoc_range	17
assoc_range	18
assoc_range	16
obj_update	16
obj_get	10
obj_get	10
assoc_range	11
assoc_range	13
assoc_range	15
assoc_range	14
assoc_insert	7
assoc_range	13
obj_update	12
assoc_range	12
assoc_insert	8
assoc_insert	7
assoc_range	11
obj_get	8
assoc_range	11
assoc_count	13
assoc_insert	7
assoc_range	13
assoc_insert	8
assoc_range	17
assoc_range	16
assoc_range	17
obj_get	17
assoc_range	16
assoc_range	17
obj_get	12
obj_get	11
assoc_insert	8
assoc_range	15
obj_get	8
assoc_range	11
obj_update	45
obj_update	42
obj_get	40
assoc_range	44
assoc_range	43
assoc_insert	8
assoc_insert	41
assoc_range	43
obj_update	42
assoc_range	12
assoc_range	12
assoc_range	16
assoc_range	16
assoc_range	12
assoc_insert	8
assoc_insert	7
obj_get	9
assoc_count	13
assoc_range	11
assoc_count	13
assoc_range	12
obj_get	9
assoc_range	15
assoc_insert	11
assoc_range	15
obj_insert	9
assoc_insert	11
assoc_range	16
assoc_range	16
assoc_range	15
assoc_range	14
assoc_count	13
assoc_insert	8
assoc_insert	8
assoc_range	10
assoc_range	18
assoc_range	18
assoc_range	18
obj_get	9
assoc_range	18
obj_get	13
obj_get	13
obj_update	14
assoc_range	17
assoc_range	14
assoc_range	11
obj_get	8
assoc_insert	8
assoc_range	14
obj_get	9
assoc_range	13
assoc_range	15
assoc_range	15
assoc_insert	8
obj_insert	12
obj_update	9
obj_update	9
obj_update	10
assoc_insert	7
assoc_insert	7
obj_get	14
assoc_range	13
assoc_range	19
assoc_range	16
obj_update	10
assoc_range	16
assoc_range	11
assoc_range	16
assoc_range	18
assoc_range	13
assoc_count	15
obj_update	11
assoc_insert	8
assoc_range	17
assoc_range	13
obj_update	14
assoc_range	19
assoc_range	11
assoc_range	16
assoc_range	15
assoc_insert	8
obj_insert	14
obj_insert	8
assoc_range	14
assoc_range	11
obj_get	10
obj_insert	9
assoc_range	11
obj_get	10
obj_update	9
assoc_range	11
assoc_count	13
assoc_range	12
obj_get	8
assoc_range	11
obj_update	11
assoc_range	10
assoc_insert	7
assoc_range	10
obj_get	10
assoc_insert	8
assoc_insert	8
obj_insert	11
assoc_range	13
obj_get	11
assoc_count	14
assoc_count	15
assoc_count	15
obj_get	10
obj_update	10
assoc_insert	8
obj_insert	10
obj_get	10
assoc_insert	8
assoc_range	15
assoc_range	15
obj_get	16
assoc_insert	9
assoc_insert	12
obj_get	17
assoc_insert	8
assoc_range	18
obj_get	12
assoc_count	16
assoc_insert	11
assoc_insert	9
assoc_range	15
assoc_range	13
obj_insert	10
assoc_insert	8
obj_insert	9
assoc_range	61
obj_get	17
assoc_range	61
assoc_range	60
assoc_range	62
assoc_range	61
obj_get	15
assoc_range	62
assoc_range	65
assoc_insert	13
assoc_range	62
obj_insert	56
obj_get	16
obj_insert	15
assoc_insert	11
obj_get	52
assoc_range	58
assoc_range	58
assoc_range	58
obj_insert	56
obj_insert	55
assoc_range	58
obj_get	54
obj_update	56
assoc_insert	38
assoc_insert	37
assoc_range	48
assoc_range	14
assoc_insert	12
assoc_range	15
assoc_range	14
assoc_insert	12
assoc_insert	12
assoc_insert	11
obj_get	10
assoc_count	15
assoc_insert	9
assoc_count	16
obj_get	13
assoc_insert	9
obj_get	14
assoc_insert	9
assoc_range	13
obj_get	9
assoc_range	14
assoc_range	16
assoc_insert	9
assoc_insert	8
assoc_range	12
assoc_range	13
assoc_range	13
assoc_range	12
assoc_range	12
assoc_range	12
assoc_range	13
assoc_range	13
assoc_insert	8
assoc_range	13
assoc_range	13
assoc_insert	8
assoc_range	12
obj_get	10
assoc_count	13
assoc_range	13
obj_get	10
assoc_range	12
assoc_range	12
obj_insert	9
assoc_range	12
obj_get	10
assoc_range	12
assoc_count	14
assoc_range	13
assoc_range	12
assoc_insert	8
obj_get	10
assoc_range	12
assoc_range	12
obj_update	10
assoc_range	12
obj_get	9
assoc_count	14
obj_update	10
assoc_range	19
assoc_range	18
assoc_range	18
assoc_insert	13
assoc_range	20
assoc_count	21
assoc_range	13
obj_get	9
obj_get	10
assoc_count	14
assoc_range	13
assoc_insert	9
obj_update	20
assoc_range	19
assoc_range	15
assoc_range	14
obj_update	10
assoc_insert	9
assoc_range	12
assoc_range	13
assoc_count	13
assoc_range	13
assoc_range	13
assoc_range	11
assoc_range	13
assoc_range	13
assoc_insert	8
assoc_range	12
assoc_insert	8
obj_get	9
obj_update	10
obj_get	33
assoc_range	40
assoc_insert	13
obj_get	21
obj_get	40
obj_get	32
assoc_range	42
assoc_count	45
assoc_range	44
assoc_range	42
obj_get	31
assoc_range	38
assoc_range	35
assoc_range	47
assoc_range	27
assoc_range	23
assoc_range	36
obj_update	31
assoc_range	35
assoc_range	34
assoc_range	37
assoc_insert	12
assoc_range	36
obj_get	34
assoc_range	21
assoc_insert	7
assoc_range	18
assoc_range	16
assoc_range	18
assoc_insert	9
assoc_range	16
assoc_range	13
assoc_range	15
assoc_range	55
assoc_range	54
assoc_range	14
assoc_range	46
assoc_range	46
assoc_range	54
assoc_range	56
assoc_range	56
assoc_range	51
assoc_insert	7
obj_get	49
assoc_range	57
assoc_range	53
assoc_range	52
assoc_range	54
assoc_range	54
assoc_insert	35
assoc_range	52
assoc_range	49
assoc_insert	36
assoc_range	16
assoc_range	16
assoc_insert	8
assoc_range	20
assoc_range	24
assoc_range	25
obj_update	16
obj_update	23
obj_insert	21
obj_update	23
assoc_range	21
assoc_count	24
assoc_range	20
assoc_range	20
assoc_range	20
assoc_range	20
assoc_insert	8
obj_get	19
assoc_insert	8
assoc_count	17
assoc_range	13
assoc_range	14
assoc_range	15
assoc_range	16
assoc_range	15
obj_insert	10
assoc_range	14
assoc_range	15
assoc_insert	8
assoc_range	11
obj_get	9
assoc_insert	7
assoc_range	12
assoc_range	12
assoc_insert	7
assoc_range	13
assoc_range	11
obj_get	9
obj_get	9
assoc_insert	7
assoc_range	10
assoc_insert	8
assoc_insert	7
assoc_insert	7
obj_update	10
assoc_range	18
assoc_range	29
assoc_range	29
assoc_insert	8
obj_update	12
assoc_range	29
assoc_range	29
assoc_insert	12
assoc_range	15
assoc_range	23
assoc_insert	15
assoc_range	24
assoc_range	21
assoc_range	17
assoc_range	13
assoc_range	21
assoc_range	12
assoc_range	19
assoc_range	13
assoc_range	12
obj_get	10
assoc_insert	9
assoc_insert	8
obj_update	10
assoc_range	13
assoc_range	22
assoc_range	21
assoc_range	26
assoc_range	21
obj_get	12
assoc_range	26
assoc_insert	8
assoc_insert	11
assoc_insert	11
assoc_range	23
assoc_insert	8
assoc_range	24
assoc_range	22
assoc_range	22
obj_update	17
obj_update	18
assoc_range	16
obj_update	14
assoc_insert	8
assoc_range	15
assoc_range	15
assoc_insert	11
assoc_range	15
assoc_range	25
assoc_insert	8
assoc_insert	11
assoc_range	25
assoc_range	25
assoc_range	26
assoc_range	25
assoc_range	20
assoc_range	26
assoc_range	20
assoc_range	22
assoc_range	25
assoc_range	23
assoc_range	14
assoc_insert	7
assoc_range	13
assoc_insert	8
assoc_range	12
assoc_range	13
assoc_range	13
assoc_insert	11
assoc_range	19
assoc_range	14
assoc_range	18
assoc_range	18
assoc_range	17
assoc_insert	11
assoc_range	16
assoc_insert	12
assoc_range	16
assoc_count	14
assoc_insert	7
assoc_insert	7
assoc_insert	11
assoc_insert	8
assoc_insert	8
assoc_count	13
assoc_count	15
assoc_count	15
assoc_count	14
assoc_count	15
summary_queries	1000
summary_queries_time	17232
total_time	5616
