assoc_insert	13
obj_get	15
assoc_range	19
assoc_range	16
assoc_range	14
assoc_range	14
obj_get	10
assoc_insert	8
assoc_range	11
assoc_range	11
assoc_range	12
obj_get	9
assoc_insert	8
assoc_range	11
assoc_range	12
assoc_range	12
assoc_range	10
assoc_range	12
obj_get	8
assoc_range	12
assoc_range	11
assoc_range	11
assoc_range	19
assoc_range	14
assoc_range	12
assoc_range	11
assoc_range	11
assoc_range	12
assoc_range	11
obj_insert	8
assoc_insert	8
assoc_insert	8
assoc_range	12
assoc_range	12
obj_get	10
obj_insert	58
assoc_range	60
assoc_range	11
assoc_range	10
assoc_range	10
assoc_insert	7
assoc_insert	7
assoc_range	15
assoc_insert	9
assoc_range	15
assoc_range	13
assoc_range	12
assoc_range	12
assoc_count	13
obj_update	9
assoc_range	17
obj_get	12
obj_get	11
assoc_range	11
obj_update	10
obj_get	11
assoc_range	14
assoc_range	12
assoc_count	13
assoc_insert	8
assoc_range	11
obj_update	10
assoc_range	11
assoc_range	12
obj_get	9
assoc_insert	8
assoc_count	13
obj_get	9
obj_update	10
assoc_insert	9
assoc_insert	8
assoc_range	17
assoc_range	12
assoc_range	11
assoc_range	11
assoc_insert	8
assoc_count	13
assoc_range	12
obj_get	9
assoc_range	12
obj_update	10
assoc_range	18
assoc_insert	11
obj_insert	10
assoc_range	11
obj_get	9
assoc_range	11
assoc_range	11
obj_update	10
assoc_range	11
assoc_range	11
assoc_range	11
assoc_range	11
assoc_range	11
assoc_range	11
assoc_range	12
assoc_insert	9
obj_update	10
assoc_range	12
assoc_range	12
obj_insert	8
assoc_count	13
assoc_range	12
assoc_count	13
obj_insert	8
assoc_range	11
obj_insert	9
assoc_range	13
assoc_range	12
assoc_count	13
assoc_range	12
obj_get	8
assoc_range	12
obj_get	9
assoc_range	11
assoc_range	12
obj_get	9
assoc_insert	8
assoc_range	11
assoc_insert	8
assoc_range	11
assoc_insert	8
assoc_insert	8
obj_update	10
assoc_range	12
assoc_insert	8
assoc_range	19
obj_update	14
assoc_range	15
assoc_insert	11
assoc_range	18
obj_get	12
assoc_range	14
assoc_range	13
obj_get	9
assoc_range	12
obj_get	9
obj_get	9
assoc_range	11
assoc_range	11
assoc_range	13
assoc_range	12
obj_get	9
assoc_range	11
obj_get	9
assoc_range	11
assoc_range	11
assoc_range	11
assoc_range	12
assoc_insert	9
obj_insert	9
assoc_count	20
obj_get	11
obj_update	11
assoc_insert	8
assoc_range	15
assoc_insert	9
obj_insert	9
obj_get	9
obj_get	9
obj_get	9
obj_get	8
assoc_range	12
assoc_range	14
assoc_range	11
assoc_range	12
assoc_insert	8
assoc_range	12
assoc_insert	8
assoc_range	11
assoc_count	13
assoc_range	12
assoc_insert	8
assoc_range	15
assoc_range	13
obj_get	9
assoc_insert	8
assoc_insert	8
obj_insert	15
obj_get	10
assoc_range	11
obj_insert	8
assoc_range	12
assoc_range	11
obj_get	9
assoc_insert	8
assoc_insert	13
assoc_range	16
assoc_range	15
assoc_range	14
assoc_range	13
assoc_insert	9
assoc_insert	9
assoc_range	16
assoc_insert	10
assoc_range	14
assoc_range	14
assoc_range	13
obj_get	10
assoc_count	13
assoc_range	11
assoc_range	13
assoc_count	14
obj_insert	8
assoc_range	11
assoc_range	11
assoc_range	11
assoc_range	11
assoc_insert	8
assoc_insert	8
assoc_range	13
assoc_insert	8
assoc_range	11
obj_update	18
obj_update	11
assoc_range	11
assoc_range	11
assoc_range	11
assoc_range	11
assoc_count	12
assoc_range	11
obj_get	8
assoc_insert	7
assoc_range	10
assoc_range	9
obj_get	8
assoc_range	11
obj_get	8
assoc_range	16
assoc_range	11
assoc_range	11
assoc_insert	8
assoc_range	11
assoc_range	11
assoc_range	11
assoc_insert	7
assoc_range	11
assoc_insert	8
obj_get	9
assoc_range	12
obj_update	9
assoc_insert	8
obj_update	9
obj_update	9
assoc_count	14
assoc_insert	7
assoc_range	12
assoc_count	13
obj_get	8
obj_insert	8
assoc_insert	7
assoc_range	56
assoc_range	54
obj_get	9
assoc_count	13
assoc_range	11
assoc_range	11
assoc_range	12
assoc_range	11
assoc_range	11
obj_get	8
assoc_insert	8
assoc_range	11
assoc_range	11
obj_get	8
assoc_range	11
assoc_range	11
assoc_range	11
assoc_range	11
assoc_range	11
obj_update	9
obj_update	11
assoc_range	11
assoc_count	11
obj_get	8
assoc_range	10
assoc_insert	7
assoc_range	13
assoc_insert	8
assoc_range	14
obj_get	10
assoc_insert	7
obj_update	13
assoc_range	15
assoc_range	14
assoc_range	10
assoc_insert	7
assoc_range	10
obj_get	7
assoc_range	10
obj_update	9
assoc_range	15
assoc_range	12
assoc_range	11
obj_get	9
obj_insert	8
assoc_count	12
obj_get	8
assoc_count	12
assoc_range	10
assoc_range	10
assoc_range	10
obj_insert	8
assoc_insert	11
assoc_range	16
obj_update	13
assoc_range	11
assoc_range	9
assoc_range	9
assoc_insert	7
obj_get	11
assoc_range	10
assoc_insert	7
obj_update	8
obj_get	12
assoc_range	14
assoc_insert	9
assoc_insert	10
assoc_range	11
assoc_range	10
assoc_range	10
assoc_range	10
assoc_range	11
obj_update	8
assoc_range	10
assoc_range	10
assoc_insert	7
obj_get	9
assoc_count	13
assoc_range	10
assoc_range	10
obj_get	8
obj_get	8
assoc_range	10
obj_get	8
assoc_range	11
assoc_count	12
assoc_range	10
assoc_range	9
assoc_range	10
assoc_range	9
assoc_range	10
assoc_insert	8
assoc_range	10
obj_update	9
obj_get	11
assoc_range	13
assoc_insert	8
obj_update	16
assoc_range	17
assoc_range	14
obj_get	11
obj_get	10
assoc_range	12
obj_insert	11
obj_get	14
assoc_range	13
assoc_range	11
assoc_range	11
assoc_range	10
obj_update	9
assoc_count	13
obj_get	8
obj_get	8
obj_get	7
assoc_range	11
assoc_range	10
assoc_range	11
obj_insert	9
assoc_range	10
assoc_range	10
assoc_range	10
obj_update	9
assoc_range	11
obj_insert	8
obj_get	8
assoc_range	10
assoc_insert	8
assoc_count	12
assoc_range	11
assoc_range	10
assoc_range	9
assoc_insert	8
assoc_range	10
assoc_range	10
assoc_insert	7
assoc_range	12
assoc_range	10
obj_insert	8
obj_get	8
assoc_range	10
assoc_range	12
assoc_range	10
assoc_range	10
obj_get	7
assoc_count	11
assoc_insert	8
assoc_range	11
assoc_insert	7
assoc_range	10
obj_insert	8
obj_get	8
assoc_range	10
assoc_range	10
assoc_range	10
assoc_insert	7
assoc_range	11
obj_insert	8
assoc_range	10
assoc_range	10
obj_get	9
assoc_range	10
obj_get	8
assoc_insert	7
assoc_insert	7
obj_insert	8
assoc_range	10
assoc_range	10
assoc_range	10
assoc_range	11
obj_get	10
assoc_range	10
assoc_insert	8
assoc_range	10
assoc_range	9
assoc_count	11
obj_insert	8
obj_get	12
obj_update	12
obj_insert	12
assoc_range	14
obj_get	9
assoc_range	11
assoc_range	9
assoc_range	9
obj_update	9
obj_get	8
obj_get	8
assoc_insert	10
obj_get	12
assoc_range	14
obj_get	11
assoc_range	12
assoc_range	12
assoc_insert	7
obj_update	12
assoc_range	15
assoc_range	16
obj_get	10
assoc_range	13
assoc_range	13
assoc_insert	8
assoc_range	11
assoc_range	10
assoc_insert	7
assoc_range	13
assoc_range	10
assoc_count	11
assoc_range	9
assoc_range	10
assoc_range	9
assoc_range	10
obj_get	53
assoc_insert	52
obj_get	9
assoc_range	10
assoc_range	10
obj_update	10
assoc_range	15
obj_update	11
assoc_range	16
assoc_range	13
obj_insert	10
obj_insert	11
assoc_range	18
obj_update	15
assoc_range	18
assoc_range	15
assoc_range	16
assoc_count	14
assoc_insert	8
obj_get	9
assoc_range	11
assoc_insert	7
assoc_insert	9
obj_get	12
assoc_range	14
obj_get	10
assoc_range	11
assoc_range	10
assoc_insert	7
assoc_insert	6
assoc_range	14
obj_get	10
obj_update	10
assoc_range	11
obj_get	8
assoc_range	10
assoc_range	11
assoc_range	10
assoc_insert	8
assoc_insert	7
obj_get	11
obj_get	10
assoc_insert	8
assoc_range	12
assoc_range	11
obj_get	8
assoc_range	10
assoc_range	10
obj_insert	8
assoc_range	10
assoc_range	10
assoc_range	9
obj_update	9
assoc_range	10
assoc_range	10
assoc_range	10
obj_get	8
assoc_range	10
obj_insert	8
obj_get	8
assoc_range	10
assoc_range	9
obj_update	8
assoc_range	10
assoc_insert	8
assoc_range	10
assoc_insert	6
assoc_insert	6
obj_insert	8
assoc_range	14
obj_insert	9
assoc_insert	8
assoc_range	14
assoc_range	12
assoc_insert	8
obj_get	9
obj_get	8
assoc_range	10
assoc_range	10
assoc_range	9
obj_update	8
obj_get	9
assoc_insert	8
assoc_range	13
obj_get	9
assoc_range	10
assoc_range	10
obj_get	9
assoc_range	10
assoc_range	11
obj_update	9
obj_update	8
assoc_range	10
assoc_count	11
obj_update	8
assoc_range	10
obj_insert	9
assoc_count	11
assoc_range	9
obj_get	8
assoc_range	11
assoc_range	9
assoc_range	11
obj_update	10
assoc_range	12
assoc_range	12
assoc_insert	8
obj_get	12
obj_get	11
assoc_insert	10
assoc_range	16
assoc_range	13
assoc_range	12
assoc_insert	8
obj_get	10
assoc_range	13
obj_get	9
assoc_insert	8
assoc_range	10
obj_get	7
obj_get	7
assoc_range	10
assoc_range	10
assoc_range	10
assoc_range	10
assoc_range	9
assoc_range	10
assoc_range	10
assoc_range	10
assoc_insert	7
assoc_range	15
assoc_range	14
assoc_range	13
assoc_range	12
obj_get	9
assoc_range	11
assoc_range	10
assoc_range	10
obj_get	8
assoc_count	11
obj_get	8
assoc_range	10
assoc_range	10
assoc_range	10
assoc_range	9
assoc_range	11
assoc_range	11
assoc_range	10
obj_get	8
assoc_insert	7
assoc_range	10
assoc_range	10
assoc_range	10
assoc_range	9
assoc_range	10
assoc_range	10
obj_get	8
assoc_count	11
assoc_range	10
obj_update	9
assoc_range	11
assoc_range	9
assoc_insert	7
assoc_range	9
assoc_range	10
assoc_range	9
assoc_range	10
assoc_range	10
assoc_range	10
assoc_range	10
assoc_range	10
assoc_range	10
obj_get	8
assoc_range	10
assoc_range	9
assoc_insert	7
assoc_insert	7
assoc_range	12
obj_get	9
assoc_range	10
assoc_insert	7
assoc_range	10
obj_get	8
obj_get	7
assoc_insert	7
assoc_count	12
assoc_range	10
assoc_range	10
obj_get	8
assoc_range	10
assoc_range	10
obj_get	8
obj_update	9
assoc_range	10
assoc_range	9
obj_get	8
obj_get	8
assoc_insert	7
assoc_range	10
assoc_range	10
obj_get	8
assoc_range	10
assoc_insert	7
assoc_range	10
assoc_range	10
assoc_insert	6
assoc_range	11
assoc_range	9
assoc_range	10
assoc_range	10
assoc_insert	7
obj_get	8
assoc_insert	7
obj_update	9
assoc_range	10
assoc_insert	7
assoc_range	14
assoc_insert	7
assoc_range	61
assoc_insert	11
assoc_insert	9
assoc_insert	7
obj_get	17
obj_update	14
assoc_range	17
assoc_count	14
obj_update	10
assoc_range	13
assoc_insert	8
obj_get	9
assoc_range	18
assoc_insert	8
assoc_insert	10
assoc_range	10
assoc_range	10
assoc_range	17
assoc_range	11
assoc_insert	7
assoc_range	15
assoc_range	14
assoc_range	14
assoc_range	11
obj_insert	10
assoc_range	11
assoc_range	10
assoc_range	9
assoc_range	10
assoc_range	10
assoc_range	10
assoc_insert	8
assoc_range	10
assoc_range	10
assoc_range	10
assoc_range	10
assoc_insert	7
assoc_range	11
assoc_range	10
assoc_range	10
obj_insert	8
obj_update	9
assoc_insert	7
obj_get	8
assoc_range	10
assoc_count	17
assoc_range	13
assoc_range	11
assoc_range	11
obj_get	8
assoc_range	10
assoc_range	10
obj_get	8
obj_get	8
assoc_insert	7
assoc_insert	7
assoc_range	10
obj_get	9
assoc_range	10
assoc_range	10
obj_insert	8
assoc_range	10
assoc_insert	7
assoc_insert	7
assoc_range	13
assoc_range	10
assoc_range	10
obj_get	8
obj_insert	8
obj_update	8
assoc_range	13
obj_get	9
obj_get	9
assoc_range	11
obj_get	9
assoc_range	11
assoc_insert	9
assoc_range	11
assoc_insert	8
assoc_range	12
assoc_range	11
assoc_range	11
obj_get	9
assoc_range	12
obj_get	8
obj_update	9
obj_get	16
assoc_insert	13
assoc_insert	13
assoc_range	17
assoc_range	14
assoc_insert	10
obj_get	16
assoc_range	17
assoc_count	18
assoc_range	14
assoc_range	14
assoc_range	13
assoc_insert	13
obj_get	15
assoc_range	15
assoc_insert	10
assoc_count	21
obj_get	13
obj_get	11
obj_get	11
assoc_insert	9
assoc_insert	12
obj_update	18
assoc_insert	13
assoc_range	16
assoc_range	14
assoc_range	12
assoc_count	15
obj_update	10
assoc_range	11
assoc_range	11
assoc_insert	8
obj_get	10
assoc_range	13
assoc_range	11
obj_get	9
assoc_range	11
assoc_range	11
obj_update	10
assoc_range	11
assoc_insert	8
assoc_insert	9
obj_get	10
assoc_insert	8
assoc_insert	10
assoc_range	15
obj_get	10
obj_get	9
assoc_range	12
obj_update	10
assoc_range	11
assoc_range	11
assoc_range	11
assoc_count	13
assoc_range	11
assoc_range	12
obj_get	9
assoc_range	11
assoc_insert	8
assoc_range	11
assoc_range	12
assoc_range	11
assoc_insert	8
assoc_range	11
assoc_range	12
assoc_range	12
assoc_range	12
obj_update	10
assoc_insert	8
obj_get	9
assoc_range	12
assoc_insert	8
assoc_range	11
obj_get	8
assoc_range	10
obj_get	8
assoc_insert	7
obj_get	10
assoc_range	17
assoc_range	12
assoc_range	12
assoc_range	11
assoc_range	11
assoc_insert	8
assoc_insert	8
obj_insert	10
assoc_range	13
assoc_range	12
assoc_range	11
assoc_insert	8
assoc_insert	13
assoc_insert	13
assoc_range	18
assoc_insert	11
assoc_range	14
obj_get	10
assoc_range	12
assoc_range	11
assoc_range	11
assoc_range	12
assoc_range	11
assoc_range	11
obj_get	9
obj_get	8
assoc_range	11
assoc_insert	8
assoc_range	11
assoc_range	11
assoc_range	11
assoc_range	11
obj_insert	9
assoc_range	13
obj_insert	9
obj_insert	8
assoc_range	16
obj_get	8
assoc_range	11
assoc_range	11
assoc_insert	8
assoc_range	11
assoc_range	11
assoc_range	11
obj_insert	9
assoc_range	17
assoc_insert	11
assoc_range	15
obj_update	17
assoc_range	15
assoc_range	14
assoc_range	67
assoc_range	14
assoc_range	11
assoc_range	11
obj_get	9
obj_get	9
assoc_range	11
obj_get	8
assoc_insert	8
obj_insert	9
assoc_range	15
assoc_range	14
assoc_range	12
assoc_range	12
assoc_range	11
assoc_range	11
obj_get	8
assoc_range	11
assoc_range	11
assoc_range	11
obj_update	10
assoc_range	18
assoc_range	16
assoc_insert	11
obj_get	15
assoc_range	16
obj_update	13
assoc_range	19
assoc_range	15
assoc_range	14
assoc_range	13
assoc_range	12
obj_insert	9
assoc_count	13
assoc_range	11
obj_get	8
assoc_range	11
assoc_range	11
assoc_insert	8
assoc_insert	8
obj_get	13
obj_insert	13
assoc_range	15
obj_insert	10
assoc_range	12
assoc_range	11
obj_get	8
assoc_range	12
assoc_range	11
assoc_count	14
assoc_range	11
assoc_insert	8
assoc_insert	7
assoc_range	14
assoc_insert	7
assoc_range	12
obj_get	9
assoc_range	11
assoc_range	11
obj_update	11
assoc_range	14
assoc_range	11
assoc_range	11
obj_update	10
assoc_insert	8
assoc_range	14
obj_get	9
assoc_range	11
obj_update	9
assoc_range	10
assoc_insert	10
assoc_range	12
assoc_range	10
assoc_range	10
assoc_range	10
assoc_range	10
obj_update	9
assoc_range	10
assoc_range	10
assoc_range	11
obj_update	9
assoc_count	12
assoc_range	10
assoc_range	9
assoc_insert	8
obj_update	8
assoc_insert	7
assoc_insert	7
assoc_range	10
assoc_insert	7
assoc_range	10
assoc_range	10
assoc_insert	7
obj_update	9
assoc_range	11
assoc_range	10
obj_get	9
obj_update	9
obj_get	8
assoc_insert	7
assoc_insert	7
assoc_range	12
obj_update	9
obj_get	10
assoc_range	11
assoc_insert	7
assoc_range	10
assoc_range	10
obj_update	9
obj_get	13
obj_insert	12
assoc_insert	8
assoc_range	10
obj_insert	8
assoc_insert	8
obj_update	10
assoc_range	11
assoc_range	10
assoc_range	10
assoc_range	10
obj_update	9
assoc_range	10
obj_insert	8
assoc_range	10
assoc_range	10
assoc_insert	7
assoc_range	10
obj_get	8
assoc_range	9
obj_get	7
assoc_range	11
obj_get	9
assoc_insert	7
obj_get	8
assoc_range	10
assoc_range	10
obj_get	8
assoc_range	9
assoc_insert	7
assoc_range	17
assoc_count	17
assoc_range	13
assoc_range	12
assoc_range	12
assoc_range	10
assoc_range	10
assoc_range	11
assoc_range	11
assoc_count	11
obj_get	8
obj_update	9
obj_update	9
assoc_range	18
assoc_range	15
assoc_range	14
assoc_range	12
assoc_range	12
assoc_range	11
obj_update	9
obj_update	14
assoc_insert	11
assoc_range	18
assoc_insert	10
assoc_insert	11
assoc_range	16
assoc_range	16
assoc_range	12
assoc_range	12
assoc_range	11
obj_get	8
assoc_range	10
assoc_range	10
assoc_range	10
assoc_range	11
assoc_range	11
obj_update	8
assoc_range	10
assoc_insert	7
assoc_range	14
assoc_insert	9
assoc_range	13
assoc_range	11
assoc_range	11
obj_get	9
assoc_range	10
assoc_range	10
assoc_insert	7
assoc_insert	7
assoc_range	16
assoc_range	14
assoc_range	13
assoc_range	12
assoc_insert	7
obj_update	9
obj_get	8
assoc_range	11
assoc_insert	7
assoc_range	9
assoc_insert	7
assoc_insert	6
assoc_insert	6
assoc_range	11
assoc_insert	7
assoc_range	10
assoc_range	10
assoc_insert	7
assoc_insert	7
assoc_insert	9
assoc_range	12
assoc_insert	7
assoc_range	10
assoc_range	10
assoc_range	10
assoc_range	10
obj_get	7
assoc_range	65
obj_get	10
assoc_insert	7
assoc_range	10
obj_get	8
assoc_range	10
assoc_range	9
assoc_count	13
assoc_range	10
obj_update	9
assoc_range	10
assoc_range	10
assoc_range	10
assoc_range	9
assoc_range	10
assoc_range	14
assoc_range	10
assoc_range	10
assoc_range	9
obj_get	8
obj_get	7
assoc_insert	7
assoc_insert	7
assoc_insert	7
assoc_insert	11
assoc_range	15
obj_get	11
assoc_insert	9
assoc_insert	8
assoc_range	16
assoc_insert	10
assoc_insert	10
assoc_range	18
obj_update	16
assoc_range	15
assoc_range	14
assoc_range	12
obj_get	9
obj_get	9
obj_update	9
assoc_insert	7
assoc_count	16
assoc_range	17
assoc_range	13
assoc_insert	8
assoc_insert	10
assoc_range	14
assoc_range	14
obj_get	11
assoc_range	12
obj_insert	9
assoc_range	16
assoc_range	16
assoc_range	17
assoc_range	13
assoc_count	16
assoc_range	12
obj_get	9
assoc_range	11
assoc_range	10
assoc_range	11
assoc_insert	8
assoc_range	10
obj_get	8
assoc_insert	7
assoc_insert	7
assoc_range	10
assoc_insert	7
assoc_insert	7
assoc_range	11
assoc_range	10
assoc_range	10
assoc_range	10
assoc_insert	7
assoc_range	10
assoc_insert	7
assoc_range	14
assoc_range	10
assoc_insert	7
obj_get	8
assoc_insert	6
assoc_range	10
obj_update	9
assoc_insert	7
obj_update	9
assoc_range	10
assoc_range	9
obj_get	7
assoc_range	11
obj_update	8
obj_get	8
assoc_range	10
assoc_range	11
assoc_range	10
obj_update	9
obj_insert	7
obj_get	8
assoc_range	9
assoc_insert	7
assoc_insert	6
assoc_insert	9
assoc_range	12
assoc_insert	7
assoc_range	10
assoc_insert	7
assoc_range	9
assoc_range	10
assoc_range	10
assoc_range	10
assoc_range	10
assoc_range	9
obj_get	7
obj_get	8
obj_update	9
obj_get	7
assoc_range	9
assoc_range	9
obj_insert	7
assoc_range	10
obj_get	8
assoc_range	10
obj_update	10
assoc_range	10
assoc_range	15
assoc_range	13
obj_insert	10
obj_update	9
obj_get	10
assoc_range	11
assoc_range	9
assoc_range	10
obj_update	10
assoc_range	10
obj_get	8
assoc_insert	8
assoc_range	9
assoc_insert	7
assoc_insert	7
assoc_insert	7
assoc_range	10
assoc_insert	6
assoc_range	10
assoc_insert	7
assoc_range	9
assoc_insert	6
assoc_range	10
obj_get	8
assoc_insert	7
assoc_insert	7
assoc_range	10
assoc_range	10
assoc_insert	7
assoc_range	9
obj_insert	7
obj_update	8
assoc_range	10
assoc_range	10
obj_get	8
assoc_range	9
assoc_insert	7
assoc_range	9
assoc_range	10
assoc_range	10
assoc_insert	7
assoc_range	9
assoc_range	12
assoc_range	11
obj_get	8
obj_get	8
assoc_range	11
obj_get	8
assoc_range	10
obj_update	9
assoc_range	10
assoc_insert	7
assoc_range	10
assoc_insert	7
obj_get	8
assoc_insert	7
obj_update	9
assoc_range	18
obj_update	16
assoc_range	10
assoc_range	13
obj_insert	8
obj_get	9
assoc_range	10
assoc_range	10
assoc_range	10
assoc_range	10
assoc_insert	9
assoc_count	12
assoc_range	10
obj_get	8
assoc_range	10
obj_update	9
assoc_insert	8
assoc_range	15
obj_update	28
assoc_range	12
obj_update	15
obj_insert	10
assoc_range	17
assoc_range	11
obj_get	13
obj_get	13
assoc_range	14
assoc_range	11
assoc_range	10
assoc_count	15
assoc_insert	7
assoc_range	12
assoc_insert	8
assoc_insert	17
obj_insert	15
assoc_range	19
assoc_range	16
assoc_range	13
assoc_range	10
assoc_range	10
obj_insert	8
assoc_range	17
assoc_range	14
assoc_range	13
assoc_range	12
assoc_insert	8
assoc_insert	13
assoc_range	17
assoc_range	14
obj_get	10
assoc_range	19
assoc_range	16
assoc_range	15
assoc_insert	9
obj_get	9
assoc_range	13
assoc_range	11
assoc_range	11
assoc_range	11
assoc_range	11
obj_get	8
obj_get	9
assoc_range	11
assoc_range	11
assoc_range	11
assoc_range	11
assoc_range	11
assoc_count	12
assoc_range	11
assoc_range	11
assoc_range	11
assoc_insert	8
obj_get	9
obj_insert	10
obj_update	10
assoc_range	11
assoc_insert	8
assoc_range	11
assoc_range	11
assoc_range	11
assoc_range	11
assoc_range	11
obj_update	9
assoc_insert	8
obj_insert	9
assoc_range	11
obj_get	9
assoc_range	13
obj_update	10
obj_get	9
obj_get	9
assoc_range	12
assoc_insert	9
assoc_range	11
assoc_range	11
assoc_range	11
obj_update	10
assoc_insert	10
assoc_insert	10
assoc_insert	9
assoc_range	13
assoc_count	13
assoc_range	11
assoc_range	12
assoc_insert	8
assoc_range	17
assoc_range	15
obj_update	12
obj_insert	8
assoc_range	11
assoc_insert	8
assoc_range	15
assoc_range	17
obj_get	11
assoc_insert	8
assoc_insert	7
assoc_insert	7
assoc_insert	7
obj_insert	9
assoc_range	11
assoc_range	16
obj_insert	8
assoc_range	12
obj_update	10
obj_get	9
assoc_count	12
assoc_range	11
assoc_range	11
assoc_range	11
assoc_insert	8
assoc_range	11
assoc_range	12
obj_get	9
obj_update	11
assoc_range	12
assoc_insert	8
obj_insert	8
assoc_range	13
assoc_insert	8
assoc_insert	8
assoc_range	13
assoc_range	11
assoc_range	11
assoc_count	13
assoc_count	12
assoc_insert	7
assoc_range	11
assoc_count	13
assoc_insert	8
assoc_insert	7
obj_get	11
assoc_insert	8
obj_get	11
assoc_insert	9
assoc_insert	8
assoc_insert	9
assoc_range	12
obj_insert	9
assoc_range	11
assoc_range	11
obj_update	11
assoc_range	11
assoc_range	11
assoc_count	13
obj_get	9
assoc_insert	8
assoc_range	11
assoc_range	11
assoc_range	11
assoc_range	11
obj_get	8
assoc_range	11
assoc_range	11
assoc_range	11
assoc_insert	9
obj_get	9
assoc_insert	8
assoc_range	11
assoc_range	11
assoc_insert	8
assoc_insert	7
obj_get	11
assoc_insert	9
assoc_range	13
obj_update	11
obj_update	13
assoc_range	16
obj_get	12
obj_get	14
obj_get	9
assoc_range	12
assoc_insert	9
obj_update	10
assoc_insert	10
obj_update	10
assoc_range	12
assoc_insert	8
assoc_range	12
obj_get	9
obj_update	9
assoc_range	12
assoc_range	11
obj_insert	10
assoc_range	13
assoc_range	12
obj_get	10
assoc_range	11
assoc_range	11
obj_insert	9
assoc_range	11
obj_update	9
assoc_count	13
obj_update	9
obj_get	9
assoc_range	11
assoc_insert	8
assoc_range	18
assoc_range	18
assoc_range	13
assoc_range	13
assoc_insert	8
assoc_range	11
assoc_range	11
assoc_range	11
assoc_range	12
assoc_range	12
assoc_insert	8
assoc_range	11
assoc_range	11
assoc_count	13
obj_insert	8
assoc_range	12
assoc_range	11
assoc_range	11
obj_insert	9
assoc_range	12
assoc_range	10
assoc_range	11
assoc_range	11
assoc_range	11
obj_get	9
assoc_range	11
assoc_count	13
assoc_range	11
obj_get	9
assoc_range	11
assoc_insert	9
assoc_range	10
assoc_insert	7
assoc_range	14
assoc_range	12
assoc_insert	8
assoc_insert	10
obj_get	13
assoc_insert	9
assoc_insert	9
assoc_insert	10
obj_insert	12
assoc_count	16
assoc_insert	8
assoc_range	10
assoc_range	9
obj_insert	10
obj_get	8
obj_get	8
assoc_insert	7
obj_get	12
assoc_insert	9
obj_insert	9
assoc_range	13
assoc_range	12
assoc_range	11
assoc_insert	7
assoc_range	11
assoc_insert	7
obj_get	13
assoc_range	22
obj_update	11
assoc_range	12
obj_insert	7
assoc_insert	8
assoc_range	12
assoc_range	11
obj_update	9
obj_get	10
obj_get	8
assoc_range	10
obj_update	9
assoc_insert	9
assoc_range	17
assoc_range	14
obj_update	11
obj_get	11
assoc_count	12
assoc_range	9
assoc_insert	7
assoc_insert	7
assoc_insert	10
assoc_range	10
assoc_insert	7
obj_get	9
obj_update	9
assoc_range	12
obj_insert	10
obj_insert	10
obj_update	8
assoc_insert	12
assoc_range	11
obj_get	8
assoc_range	10
assoc_range	10
obj_get	8
assoc_range	10
assoc_insert	7
assoc_range	9
obj_update	9
assoc_insert	13
assoc_range	12
assoc_range	11
assoc_range	10
assoc_range	10
assoc_range	10
assoc_range	11
obj_get	9
assoc_range	10
assoc_insert	7
obj_get	9
assoc_range	10
assoc_range	10
assoc_range	9
assoc_range	10
assoc_insert	10
assoc_range	14
assoc_range	11
obj_get	8
obj_update	9
assoc_range	14
assoc_range	12
assoc_range	14
assoc_insert	8
assoc_range	11
assoc_range	12
assoc_count	13
assoc_count	11
assoc_range	10
obj_get	8
assoc_insert	7
assoc_range	10
assoc_range	9
assoc_range	10
assoc_range	11
assoc_range	10
assoc_range	10
assoc_range	10
assoc_range	10
obj_update	11
assoc_range	11
assoc_range	10
obj_get	7
assoc_range	9
assoc_range	10
assoc_insert	7
obj_get	13
assoc_count	18
obj_get	10
assoc_count	15
assoc_range	12
assoc_range	12
assoc_range	12
assoc_range	11
assoc_insert	8
assoc_insert	12
assoc_insert	8
assoc_range	18
assoc_range	13
obj_get	9
assoc_range	11
obj_update	9
assoc_insert	11
assoc_range	16
assoc_range	12
obj_get	9
assoc_range	11
obj_get	8
assoc_range	10
assoc_range	10
assoc_range	10
obj_update	9
assoc_range	10
obj_update	14
assoc_range	12
obj_get	8
assoc_insert	7
assoc_range	12
assoc_range	11
assoc_range	10
obj_get	8
assoc_range	9
assoc_range	11
assoc_insert	7
assoc_range	10
assoc_insert	7
obj_update	11
assoc_range	11
assoc_range	12
assoc_insert	8
assoc_range	12
assoc_count	13
assoc_range	13
assoc_range	12
assoc_range	11
assoc_range	11
assoc_insert	8
obj_update	10
assoc_range	15
obj_get	11
assoc_range	13
assoc_range	12
assoc_range	11
assoc_range	11
assoc_range	11
obj_get	9
assoc_range	10
assoc_range	11
assoc_range	12
assoc_insert	8
assoc_insert	7
assoc_range	18
assoc_range	12
assoc_insert	8
assoc_insert	8
obj_update	15
assoc_insert	8
obj_get	15
assoc_count	18
assoc_range	14
assoc_range	17
assoc_insert	9
obj_update	14
assoc_range	18
assoc_range	16
obj_update	15
assoc_insert	13
assoc_range	12
assoc_range	11
assoc_range	10
assoc_range	12
assoc_range	11
assoc_count	14
obj_update	10
assoc_range	11
assoc_range	11
obj_get	9
assoc_range	11
assoc_range	69
obj_get	68
obj_get	10
assoc_range	11
assoc_range	11
assoc_range	11
assoc_insert	8
assoc_insert	8
assoc_insert	8
assoc_range	11
assoc_insert	8
assoc_count	17
assoc_range	16
obj_get	13
obj_get	13
assoc_range	17
assoc_insert	13
assoc_insert	8
assoc_count	16
assoc_range	18
assoc_insert	12
assoc_range	12
assoc_range	11
assoc_range	11
assoc_range	11
assoc_insert	11
obj_get	12
assoc_count	13
obj_update	10
assoc_range	13
assoc_range	16
obj_get	13
assoc_insert	12
assoc_range	15
obj_get	9
assoc_insert	7
obj_update	10
assoc_insert	8
assoc_range	12
assoc_insert	10
obj_get	11
obj_get	9
assoc_range	11
assoc_range	11
assoc_range	11
assoc_range	11
obj_get	8
assoc_range	11
assoc_range	11
assoc_range	11
assoc_range	11
assoc_range	11
assoc_range	11
assoc_range	11
assoc_insert	8
assoc_range	17
assoc_insert	10
assoc_count	14
assoc_count	13
assoc_range	11
assoc_range	11
assoc_insert	8
assoc_range	14
assoc_range	13
assoc_range	45
assoc_range	39
assoc_range	15
assoc_insert	12
assoc_range	11
assoc_range	11
assoc_range	11
assoc_insert	8
assoc_range	12
obj_update	14
assoc_range	14
assoc_count	13
obj_update	11
obj_update	9
assoc_range	15
assoc_insert	9
assoc_range	11
assoc_range	15
assoc_insert	12
assoc_insert	8
assoc_range	19
assoc_range	19
assoc_range	25
assoc_range	16
assoc_insert	11
assoc_insert	11
assoc_insert	8
assoc_count	13
assoc_insert	7
assoc_range	26
assoc_range	26
obj_update	17
assoc_insert	15
assoc_insert	12
obj_update	16
assoc_range	16
assoc_range	16
obj_update	12
assoc_range	13
assoc_range	13
assoc_range	16
assoc_count	20
assoc_range	17
assoc_range	16
assoc_count	19
assoc_range	17
assoc_range	12
assoc_range	11
assoc_range	11
assoc_insert	8
assoc_range	10
assoc_range	11
assoc_range	11
assoc_insert	7
assoc_insert	7
assoc_range	11
assoc_insert	8
assoc_range	11
assoc_insert	7
assoc_range	12
assoc_range	16
obj_update	10
assoc_insert	8
assoc_range	16
assoc_range	11
assoc_insert	8
assoc_range	11
assoc_insert	7
assoc_insert	8
assoc_insert	8
assoc_range	18
assoc_range	16
assoc_range	16
assoc_range	17
assoc_insert	11
assoc_range	13
assoc_range	11
assoc_range	11
assoc_range	14
obj_update	9
assoc_range	20
assoc_range	11
assoc_count	13
assoc_insert	8
assoc_range	11
assoc_insert	7
assoc_range	18
assoc_range	14
assoc_insert	8
assoc_range	13
assoc_insert	8
assoc_range	23
assoc_range	23
assoc_range	12
assoc_range	13
assoc_range	12
assoc_range	11
assoc_insert	7
assoc_range	10
assoc_range	9
assoc_insert	6
assoc_insert	9
assoc_range	13
assoc_range	11
assoc_range	11
assoc_range	10
assoc_range	9
assoc_range	10
assoc_range	9
assoc_range	10
assoc_insert	7
assoc_range	11
assoc_range	11
assoc_insert	7
obj_update	13
assoc_range	10
assoc_insert	7
assoc_range	10
assoc_insert	7
assoc_insert	7
assoc_count	12
assoc_insert	7
assoc_count	13
assoc_insert	6
assoc_insert	7
assoc_insert	9
assoc_insert	7
assoc_insert	9
assoc_insert	9
assoc_insert	8
assoc_insert	11
assoc_insert	11
assoc_count	19
assoc_insert	11
obj_update	12
assoc_count	18
assoc_count	16
assoc_insert	9
assoc_insert	8
assoc_insert	8
obj_update	58
obj_update	58
assoc_insert	7
assoc_count	12
obj_update	10
assoc_count	14
assoc_insert	7
assoc_insert	8
assoc_insert	7
obj_update	11
assoc_insert	9
assoc_insert	7
assoc_insert	9
assoc_insert	7
assoc_insert	7
assoc_insert	8
assoc_insert	8
assoc_insert	7
assoc_insert	7
assoc_insert	6
assoc_insert	7
assoc_insert	7
assoc_insert	7
assoc_insert	9
assoc_insert	9
assoc_insert	7
assoc_insert	7
assoc_insert	6
obj_update	15
obj_update	13
obj_update	13
assoc_insert	12
assoc_insert	8
obj_update	10
obj_update	9
obj_update	8
obj_update	12
assoc_count	14
assoc_count	13
assoc_count	12
assoc_count	11
assoc_count	13
assoc_count	12
assoc_count	11
assoc_count	11
assoc_count	12
assoc_count	11
assoc_count	11
assoc_count	11
assoc_count	12
assoc_count	11
assoc_count	10
summary_queries	2000
summary_queries_time	21965
total_time	69291
