assoc_range	35
assoc_range	31
assoc_range	24
assoc_range	25
assoc_insert	14
obj_insert	13
assoc_count	17
assoc_range	12
assoc_range	12
assoc_insert	10
assoc_range	12
assoc_range	12
assoc_insert	9
assoc_range	15
assoc_insert	10
assoc_range	14
assoc_range	11
assoc_insert	9
assoc_range	12
assoc_range	17
assoc_count	14
assoc_count	17
obj_insert	10
obj_insert	9
assoc_range	12
assoc_range	11
assoc_range	12
assoc_insert	8
assoc_range	12
obj_get	9
assoc_range	11
assoc_insert	9
assoc_insert	8
assoc_insert	14
assoc_range	13
assoc_range	12
assoc_insert	9
assoc_range	12
assoc_count	15
assoc_insert	9
assoc_range	21
assoc_insert	14
assoc_insert	12
obj_get	13
assoc_insert	10
obj_update	12
obj_get	12
assoc_range	20
obj_get	16
assoc_insert	11
assoc_range	14
assoc_range	17
assoc_insert	14
assoc_range	12
assoc_insert	11
assoc_insert	9
assoc_range	18
assoc_range	15
assoc_range	14
obj_insert	10
assoc_range	22
assoc_range	18
assoc_range	18
assoc_range	20
assoc_insert	12
assoc_insert	15
assoc_range	15
assoc_range	15
assoc_range	14
assoc_count	16
assoc_range	12
assoc_insert	9
obj_get	9
assoc_insert	8
assoc_range	12
assoc_range	11
assoc_range	12
assoc_range	12
obj_get	9
assoc_insert	8
assoc_range	11
assoc_range	12
obj_get	9
assoc_range	11
assoc_range	12
obj_get	9
assoc_range	12
assoc_range	12
assoc_range	13
assoc_insert	8
assoc_count	14
assoc_insert	9
obj_update	12
assoc_range	11
assoc_insert	8
obj_get	36
assoc_range	14
assoc_insert	9
assoc_range	13
assoc_range	12
obj_insert	9
assoc_range	12
obj_get	9
obj_get	9
assoc_range	12
assoc_insert	9
assoc_range	12
assoc_count	13
assoc_range	11
assoc_range	21
obj_get	10
assoc_range	12
assoc_insert	12
assoc_count	19
assoc_range	12
assoc_insert	9
obj_get	9
assoc_range	14
assoc_insert	8
assoc_insert	9
assoc_range	19
obj_get	13
obj_get	14
assoc_insert	14
obj_get	14
assoc_range	15
assoc_range	15
assoc_range	14
assoc_insert	10
obj_get	10
obj_get	10
obj_insert	9
assoc_range	12
assoc_range	12
assoc_insert	8
assoc_range	12
assoc_range	11
obj_insert	8
assoc_insert	12
assoc_range	17
obj_insert	11
assoc_range	17
assoc_insert	10
obj_get	14
assoc_insert	10
assoc_range	18
assoc_range	15
assoc_range	15
obj_insert	11
assoc_insert	8
obj_insert	9
obj_get	14
assoc_range	18
assoc_insert	11
assoc_range	15
obj_get	11
assoc_range	13
assoc_range	13
assoc_count	15
assoc_range	12
assoc_range	11
obj_insert	10
assoc_range	11
assoc_range	11
assoc_range	10
assoc_insert	7
assoc_range	14
obj_update	10
assoc_range	18
assoc_insert	10
assoc_range	18
assoc_insert	10
assoc_range	15
assoc_count	18
assoc_count	16
obj_insert	11
assoc_insert	9
assoc_range	13
assoc_range	13
assoc_insert	8
assoc_range	11
assoc_range	17
assoc_range	10
obj_update	10
assoc_insert	14
obj_update	15
assoc_range	18
assoc_range	14
assoc_range	17
assoc_range	13
assoc_range	13
assoc_count	15
assoc_insert	10
assoc_insert	10
assoc_insert	8
assoc_range	11
obj_update	9
obj_get	13
obj_update	10
assoc_insert	11
obj_get	12
assoc_range	12
assoc_range	14
obj_get	8
obj_get	8
obj_update	10
assoc_insert	8
assoc_insert	8
assoc_range	19
obj_insert	12
assoc_range	16
assoc_range	10
assoc_range	10
assoc_range	14
assoc_count	13
obj_get	10
assoc_range	10
obj_get	8
assoc_range	13
assoc_range	11
assoc_count	12
assoc_range	11
assoc_range	12
assoc_range	12
assoc_range	11
obj_update	9
assoc_insert	8
obj_update	9
assoc_range	10
assoc_insert	7
assoc_range	16
assoc_range	13
assoc_insert	10
obj_insert	13
assoc_range	15
assoc_insert	8
assoc_range	13
assoc_range	16
assoc_range	11
assoc_insert	7
assoc_range	10
obj_insert	8
obj_insert	7
assoc_insert	7
assoc_insert	7
assoc_range	13
assoc_insert	8
obj_get	13
obj_get	8
assoc_range	10
assoc_range	15
assoc_range	10
assoc_range	14
assoc_range	11
assoc_range	10
assoc_insert	9
assoc_range	49
assoc_count	14
assoc_insert	8
assoc_count	22
assoc_range	17
assoc_insert	13
assoc_range	17
assoc_range	14
assoc_insert	10
assoc_range	15
obj_get	10
obj_get	10
assoc_range	12
assoc_range	13
assoc_count	12
obj_get	9
assoc_range	11
obj_update	10
assoc_range	14
assoc_insert	8
obj_get	11
assoc_insert	9
assoc_range	18
obj_get	13
assoc_range	17
obj_get	11
assoc_range	15
obj_get	11
obj_get	11
assoc_range	13
assoc_range	14
assoc_range	13
assoc_insert	9
assoc_range	13
assoc_range	11
assoc_range	12
assoc_range	11
assoc_range	11
assoc_range	10
obj_get	8
assoc_range	10
obj_get	13
assoc_insert	11
assoc_count	16
obj_get	8
assoc_range	10
assoc_range	10
assoc_range	10
assoc_range	10
assoc_range	11
obj_get	8
assoc_insert	7
assoc_count	22
assoc_range	15
assoc_range	18
assoc_range	14
obj_get	10
assoc_range	12
assoc_range	11
obj_get	9
obj_get	8
obj_get	8
assoc_range	12
assoc_range	10
assoc_insert	7
assoc_range	12
assoc_insert	7
assoc_range	11
assoc_insert	7
assoc_range	10
assoc_range	10
obj_update	9
assoc_insert	18
assoc_range	12
assoc_range	10
obj_get	8
assoc_insert	7
obj_update	9
obj_get	11
assoc_range	13
assoc_range	12
obj_update	10
assoc_range	12
assoc_range	11
assoc_insert	7
assoc_range	11
assoc_range	10
assoc_insert	8
obj_get	8
assoc_range	10
assoc_insert	7
assoc_range	17
obj_update	13
assoc_insert	9
assoc_insert	9
assoc_count	13
assoc_insert	8
assoc_insert	13
assoc_insert	13
obj_get	13
assoc_range	15
assoc_insert	10
obj_update	11
assoc_count	29
obj_get	13
assoc_range	17
assoc_count	21
assoc_range	15
assoc_range	16
assoc_insert	10
obj_get	11
assoc_insert	10
assoc_range	12
assoc_range	13
assoc_range	12
assoc_range	12
assoc_insert	8
assoc_range	11
assoc_range	11
assoc_insert	9
assoc_insert	13
assoc_range	12
assoc_range	18
assoc_insert	9
assoc_insert	8
obj_get	13
assoc_range	15
assoc_range	13
assoc_range	14
obj_insert	11
obj_get	9
obj_update	9
assoc_insert	10
obj_update	24
assoc_range	21
assoc_range	31
assoc_range	15
assoc_range	14
assoc_range	12
assoc_range	13
obj_get	9
assoc_range	12
assoc_insert	8
assoc_range	18
obj_get	12
obj_get	11
assoc_range	14
assoc_range	14
assoc_count	14
assoc_range	12
assoc_range	12
obj_get	9
assoc_range	12
obj_get	9
obj_update	12
obj_get	11
obj_update	15
assoc_range	18
assoc_insert	10
assoc_range	46
assoc_count	16
assoc_range	12
assoc_range	11
assoc_range	12
assoc_range	12
obj_get	9
obj_update	11
obj_update	21
assoc_range	20
assoc_insert	14
assoc_range	19
assoc_range	17
assoc_insert	11
assoc_range	15
assoc_range	14
obj_update	11
assoc_insert	12
obj_update	10
obj_get	15
assoc_range	18
assoc_insert	13
assoc_count	19
obj_get	11
assoc_range	12
obj_get	10
assoc_insert	9
assoc_range	12
assoc_range	13
assoc_range	13
assoc_range	12
obj_insert	11
assoc_range	17
assoc_range	13
obj_get	10
assoc_range	13
assoc_range	12
obj_update	10
assoc_range	12
assoc_range	13
assoc_range	13
obj_update	11
obj_update	11
obj_insert	8
assoc_count	44
assoc_range	29
assoc_range	19
assoc_insert	11
assoc_insert	13
obj_get	13
obj_get	11
assoc_insert	11
assoc_count	15
assoc_range	12
assoc_range	14
obj_update	10
obj_get	9
assoc_range	21
assoc_range	20
assoc_range	12
assoc_range	12
assoc_range	17
assoc_count	20
assoc_range	12
assoc_insert	11
assoc_range	12
assoc_range	15
assoc_range	12
obj_get	11
assoc_insert	10
assoc_range	12
assoc_range	13
assoc_insert	9
assoc_insert	8
assoc_range	20
assoc_count	20
assoc_range	15
assoc_count	17
assoc_range	17
assoc_range	14
assoc_insert	9
assoc_range	12
assoc_range	13
assoc_insert	9
assoc_insert	9
assoc_insert	9
assoc_range	11
assoc_range	12
assoc_range	14
assoc_range	13
assoc_insert	8
assoc_range	13
assoc_range	13
assoc_range	15
assoc_range	14
assoc_range	12
assoc_insert	9
assoc_range	14
obj_get	10
assoc_range	12
obj_update	10
assoc_range	10
assoc_range	11
assoc_range	11
obj_update	10
assoc_insert	7
assoc_insert	8
assoc_count	19
assoc_range	10
assoc_count	18
assoc_count	13
assoc_range	17
assoc_insert	10
assoc_insert	8
assoc_insert	9
obj_update	15
assoc_insert	9
assoc_range	13
assoc_range	13
assoc_range	10
assoc_insert	7
assoc_range	11
assoc_range	10
assoc_insert	7
obj_get	13
assoc_range	15
assoc_range	15
assoc_insert	9
assoc_range	19
assoc_range	19
assoc_range	20
assoc_insert	11
obj_insert	12
assoc_range	14
assoc_insert	8
assoc_range	17
obj_get	10
assoc_range	12
assoc_insert	8
assoc_range	13
assoc_insert	8
assoc_range	13
obj_get	8
assoc_range	16
assoc_range	10
obj_get	9
assoc_range	10
obj_insert	12
assoc_range	11
assoc_insert	7
assoc_range	10
obj_get	9
assoc_range	10
assoc_range	44
assoc_range	14
assoc_range	11
assoc_range	21
assoc_count	13
assoc_range	11
assoc_range	11
assoc_range	11
assoc_range	11
assoc_range	16
assoc_range	11
assoc_insert	7
assoc_range	10
assoc_insert	7
obj_get	12
assoc_range	10
assoc_range	10
assoc_range	14
assoc_insert	7
obj_insert	10
assoc_range	14
assoc_range	10
assoc_insert	7
assoc_range	10
assoc_range	20
assoc_insert	13
assoc_range	18
assoc_range	12
assoc_range	12
obj_get	9
obj_insert	9
assoc_range	10
obj_get	8
assoc_insert	8
obj_get	9
obj_get	8
assoc_insert	8
assoc_range	13
assoc_range	15
assoc_range	13
assoc_range	11
assoc_count	13
obj_get	9
assoc_range	11
assoc_range	11
obj_get	8
assoc_range	11
assoc_range	11
assoc_insert	7
obj_get	8
assoc_range	11
obj_get	9
assoc_insert	7
assoc_range	10
assoc_count	12
obj_insert	8
obj_update	9
assoc_insert	11
assoc_range	11
obj_update	10
assoc_insert	9
assoc_range	18
assoc_range	15
assoc_insert	8
obj_update	12
assoc_insert	13
assoc_insert	8
assoc_range	15
assoc_range	12
assoc_range	11
assoc_insert	13
assoc_insert	8
assoc_insert	13
obj_get	9
assoc_range	15
assoc_range	12
assoc_range	18
assoc_range	15
obj_insert	9
assoc_range	15
obj_update	9
assoc_range	14
assoc_range	14
assoc_range	13
assoc_range	13
assoc_range	12
assoc_range	11
assoc_range	11
assoc_insert	8
assoc_range	11
assoc_range	11
assoc_range	15
assoc_range	11
assoc_range	11
assoc_insert	8
obj_get	9
assoc_range	11
obj_get	8
assoc_range	11
assoc_range	11
assoc_insert	8
obj_get	8
obj_get	8
assoc_range	11
assoc_range	15
assoc_range	11
assoc_range	15
assoc_range	10
assoc_range	13
assoc_range	11
assoc_range	10
assoc_range	11
assoc_insert	8
assoc_range	11
obj_get	8
assoc_insert	7
assoc_count	12
assoc_insert	7
assoc_insert	7
assoc_insert	11
assoc_range	24
obj_get	15
obj_update	15
assoc_range	15
assoc_range	12
assoc_range	12
assoc_range	11
assoc_range	11
obj_get	8
assoc_range	10
assoc_insert	8
assoc_range	10
assoc_count	12
obj_insert	8
assoc_range	10
assoc_range	10
assoc_range	11
obj_update	10
obj_update	9
assoc_range	11
assoc_range	10
assoc_insert	7
assoc_range	15
assoc_count	15
assoc_range	12
obj_insert	9
assoc_range	12
assoc_insert	11
obj_update	10
assoc_range	17
assoc_range	19
assoc_range	14
assoc_insert	10
obj_insert	10
assoc_range	12
assoc_range	49
assoc_range	14
assoc_insert	8
assoc_range	11
assoc_insert	7
assoc_range	19
obj_update	14
obj_insert	9
assoc_range	10
assoc_range	16
obj_insert	8
obj_update	13
assoc_insert	12
assoc_insert	14
assoc_range	18
assoc_insert	12
assoc_insert	19
assoc_range	25
assoc_range	16
assoc_insert	8
assoc_range	14
assoc_range	12
assoc_range	12
assoc_range	12
assoc_range	12
assoc_range	11
assoc_insert	7
assoc_range	11
assoc_range	11
assoc_range	10
assoc_range	11
obj_insert	9
assoc_range	10
assoc_range	14
obj_get	9
assoc_range	10
assoc_insert	8
assoc_insert	8
assoc_insert	7
assoc_range	18
assoc_count	20
obj_get	10
assoc_range	11
obj_update	11
obj_update	12
assoc_range	13
assoc_insert	7
assoc_range	10
assoc_insert	8
assoc_range	17
obj_get	11
obj_get	11
assoc_range	12
assoc_range	13
assoc_range	13
assoc_range	13
assoc_range	17
assoc_range	13
assoc_range	13
assoc_insert	8
assoc_range	12
obj_get	9
assoc_range	11
obj_insert	8
assoc_range	10
obj_update	10
obj_get	8
obj_update	9
assoc_range	15
assoc_insert	8
obj_get	12
assoc_range	17
obj_get	12
assoc_count	17
assoc_insert	10
obj_get	10
obj_update	11
assoc_range	11
obj_get	8
obj_get	8
assoc_insert	7
assoc_range	17
assoc_range	10
obj_get	9
assoc_range	19
assoc_range	12
assoc_count	18
assoc_range	10
assoc_insert	11
assoc_range	10
assoc_range	13
assoc_range	13
obj_insert	9
assoc_range	11
assoc_range	11
assoc_range	11
obj_get	8
assoc_range	11
assoc_range	10
assoc_range	10
assoc_insert	7
assoc_range	10
assoc_range	11
assoc_insert	13
assoc_range	12
assoc_range	12
obj_update	12
assoc_insert	8
obj_update	18
assoc_range	19
assoc_range	17
assoc_range	16
obj_get	12
assoc_range	13
assoc_insert	9
obj_get	10
assoc_range	12
assoc_insert	9
assoc_range	11
assoc_range	12
assoc_range	17
assoc_range	14
assoc_range	12
assoc_range	12
assoc_range	12
assoc_range	12
assoc_range	13
assoc_insert	9
obj_get	10
assoc_range	12
obj_update	10
assoc_count	22
assoc_insert	14
obj_get	16
assoc_range	19
assoc_range	18
assoc_insert	12
assoc_range	17
obj_get	12
assoc_range	14
obj_update	12
assoc_insert	10
assoc_range	22
assoc_range	22
assoc_range	23
assoc_range	22
assoc_range	18
assoc_range	19
assoc_range	19
assoc_range	19
assoc_range	54
assoc_range	55
assoc_range	54
assoc_insert	49
assoc_range	14
assoc_range	14
assoc_insert	8
obj_get	10
assoc_range	11
assoc_insert	9
assoc_range	11
assoc_range	12
obj_get	9
assoc_range	12
assoc_range	12
obj_update	10
assoc_range	12
obj_get	10
obj_insert	9
assoc_insert	8
assoc_range	19
obj_get	13
assoc_insert	11
assoc_insert	13
assoc_range	20
assoc_range	21
assoc_insert	10
assoc_range	14
assoc_insert	10
assoc_range	14
assoc_range	13
assoc_insert	9
assoc_insert	13
assoc_insert	12
assoc_range	18
assoc_insert	11
assoc_range	19
assoc_range	17
assoc_insert	11
assoc_range	15
assoc_range	12
assoc_range	12
obj_insert	9
obj_update	12
obj_get	16
assoc_range	16
assoc_range	17
assoc_range	15
assoc_range	15
assoc_count	15
assoc_range	12
assoc_range	12
assoc_count	13
obj_get	9
assoc_range	12
assoc_range	12
assoc_range	12
obj_get	9
assoc_range	13
assoc_range	13
assoc_range	14
assoc_range	12
assoc_insert	9
obj_update	11
obj_insert	8
assoc_range	12
obj_get	10
assoc_range	12
obj_get	9
obj_update	9
obj_get	16
assoc_range	20
obj_get	14
assoc_range	17
assoc_range	14
assoc_insert	8
assoc_insert	8
assoc_range	12
assoc_insert	8
assoc_range	11
assoc_range	12
assoc_count	13
assoc_range	12
assoc_range	12
assoc_range	12
obj_get	10
assoc_range	12
assoc_insert	9
assoc_range	12
assoc_range	12
assoc_insert	9
assoc_range	11
assoc_range	12
assoc_range	12
obj_update	11
assoc_range	11
assoc_range	12
obj_get	9
obj_get	9
obj_get	9
obj_get	10
obj_get	9
obj_get	8
obj_get	9
obj_get	9
assoc_count	13
obj_update	11
obj_update	16
obj_update	16
assoc_count	19
obj_update	16
assoc_count	16
obj_update	13
obj_update	11
obj_update	11
obj_update	16
obj_update	16
obj_update	18
obj_update	18
obj_update	17
obj_update	19
obj_update	14
obj_update	16
obj_update	16
obj_update	16
obj_update	13
obj_update	15
summary_queries	1000
summary_queries_time	12562
total_time	25306
