khops_2	67
khops_2	133
khops_2	23
khops_2	24
khops_2	14
khops_2	20
khops_2	28
khops_2	15
khops_2	16
khops_2	14
khops_2	22
khops_2	15
khops_2	13
khops_2	28
khops_2	18
khops_2	27
khops_2	1573
khops_2	27
khops_2	71
khops_2	226
khops_2	21
khops_2	18
khops_2	462
khops_2	22
khops_2	18
khops_2	369
khops_2	22
khops_2	18
khops_2	15
khops_2	12
khops_2	13
khops_2	12
khops_2	12
khops_2	12
khops_2	13
khops_2	22
khops_2	21
khops_2	15
khops_2	12
khops_2	12
khops_2	12
khops_2	207
khops_2	20
khops_2	25
khops_2	16
khops_2	15
khops_2	21
khops_2	16
khops_2	142
khops_2	20
khops_2	56
khops_2	34
khops_2	919
khops_2	27
khops_2	18
khops_2	14
khops_2	40
khops_2	15
khops_2	13
khops_2	18
khops_2	21
khops_2	19
khops_2	16
khops_2	14
khops_2	329
khops_2	18
khops_2	13
khops_2	19
khops_2	15
khops_2	242
khops_2	166
khops_2	18
khops_2	22
khops_2	16
khops_2	15
khops_2	2183
khops_2	24
khops_2	21
khops_2	21
khops_2	13
khops_2	24
khops_2	36
khops_2	157
khops_2	21
khops_2	18
khops_2	898
khops_2	346
khops_2	19
khops_2	16
khops_2	23
khops_2	14
khops_2	13
khops_2	13
khops_2	12
khops_2	12
khops_2	13
khops_2	12
khops_2	11
khops_2	19
khops_2	15
summary_queries	100
summary_queries_time	10040
total_time	52908
